<?xml version="1.0" encoding="UTF-8"?>
<!-- Generated by org.testng.reporters.JUnitReportReporter -->
<testsuite hostname="PCRIZRASL1" failures="0" tests="3" name="com.wallethub.tests.wallethub.WalletHubTest" time="12.506" errors="0" timestamp="2021-08-03T00:18:40 MYT" skipped="0">
  <testcase classname="com.wallethub.tests.wallethub.WalletHubTest" name="shouldNavigateToInsurancePage" time="1.223"/>
  <system-out/>
  <testcase classname="com.wallethub.tests.wallethub.WalletHubTest" name="shouldSubmitReviewSuccessfully" time="1.584"/>
  <system-out/>
  <testcase classname="com.wallethub.tests.wallethub.WalletHubTest" name="shouldHighlightReviewStarOnHover" time="9.699"/>
  <system-out/>
</testsuite> <!-- com.wallethub.tests.wallethub.WalletHubTest -->
